110.02.05 00:39 B C:\AppServ\www\ckeditor\_source\core\_bootstrap.js --> www.bouzan.net /ckeditor/_source/core _bootstrap.js
110.02.05 00:39 B C:\AppServ\www\ckeditor\_source\core\ajax.js --> www.bouzan.net /ckeditor/_source/core ajax.js
110.02.05 00:39 B C:\AppServ\www\ckeditor\_source\core\ckeditor.js --> www.bouzan.net /ckeditor/_source/core ckeditor.js
110.02.05 00:39 B C:\AppServ\www\ckeditor\_source\core\ckeditor_base.js --> www.bouzan.net /ckeditor/_source/core ckeditor_base.js
110.02.05 00:39 B C:\AppServ\www\ckeditor\_source\core\ckeditor_basic.js --> www.bouzan.net /ckeditor/_source/core ckeditor_basic.js
110.02.05 00:39 B C:\AppServ\www\ckeditor\_source\core\command.js --> www.bouzan.net /ckeditor/_source/core command.js
110.02.05 00:39 B C:\AppServ\www\ckeditor\_source\core\commanddefinition.js --> www.bouzan.net /ckeditor/_source/core commanddefinition.js
110.02.05 00:39 B C:\AppServ\www\ckeditor\_source\core\config.js --> www.bouzan.net /ckeditor/_source/core config.js
110.02.05 00:39 B C:\AppServ\www\ckeditor\_source\core\dom.js --> www.bouzan.net /ckeditor/_source/core dom.js
110.02.05 00:39 B C:\AppServ\www\ckeditor\_source\core\dtd.js --> www.bouzan.net /ckeditor/_source/core dtd.js
110.02.05 00:39 B C:\AppServ\www\ckeditor\_source\core\editor.js --> www.bouzan.net /ckeditor/_source/core editor.js
110.02.05 00:39 B C:\AppServ\www\ckeditor\_source\core\editor_basic.js --> www.bouzan.net /ckeditor/_source/core editor_basic.js
110.02.05 00:39 B C:\AppServ\www\ckeditor\_source\core\env.js --> www.bouzan.net /ckeditor/_source/core env.js
110.02.05 00:39 B C:\AppServ\www\ckeditor\_source\core\event.js --> www.bouzan.net /ckeditor/_source/core event.js
110.02.05 00:39 B C:\AppServ\www\ckeditor\_source\core\eventInfo.js --> www.bouzan.net /ckeditor/_source/core eventInfo.js
110.02.05 00:39 B C:\AppServ\www\ckeditor\_source\core\focusmanager.js --> www.bouzan.net /ckeditor/_source/core focusmanager.js
110.02.05 00:39 B C:\AppServ\www\ckeditor\_source\core\htmlparser.js --> www.bouzan.net /ckeditor/_source/core htmlparser.js
110.02.05 00:39 B C:\AppServ\www\ckeditor\_source\core\imagecacher.js --> www.bouzan.net /ckeditor/_source/core imagecacher.js
110.02.05 00:39 B C:\AppServ\www\ckeditor\_source\core\lang.js --> www.bouzan.net /ckeditor/_source/core lang.js
110.02.05 00:39 B C:\AppServ\www\ckeditor\_source\core\loader.js --> www.bouzan.net /ckeditor/_source/core loader.js
110.02.05 00:39 B C:\AppServ\www\ckeditor\_source\core\plugindefinition.js --> www.bouzan.net /ckeditor/_source/core plugindefinition.js
110.02.05 00:39 B C:\AppServ\www\ckeditor\_source\core\plugins.js --> www.bouzan.net /ckeditor/_source/core plugins.js
110.02.05 00:39 B C:\AppServ\www\ckeditor\_source\core\resourcemanager.js --> www.bouzan.net /ckeditor/_source/core resourcemanager.js
110.02.05 00:39 B C:\AppServ\www\ckeditor\_source\core\scriptloader.js --> www.bouzan.net /ckeditor/_source/core scriptloader.js
110.02.05 00:39 B C:\AppServ\www\ckeditor\_source\core\skins.js --> www.bouzan.net /ckeditor/_source/core skins.js
110.02.05 00:39 B C:\AppServ\www\ckeditor\_source\core\themes.js --> www.bouzan.net /ckeditor/_source/core themes.js
110.02.05 00:39 B C:\AppServ\www\ckeditor\_source\core\tools.js --> www.bouzan.net /ckeditor/_source/core tools.js
110.02.05 00:39 B C:\AppServ\www\ckeditor\_source\core\ui.js --> www.bouzan.net /ckeditor/_source/core ui.js
110.02.05 00:39 B C:\AppServ\www\ckeditor\_source\core\xml.js --> www.bouzan.net /ckeditor/_source/core xml.js
