110.02.05 00:44 B C:\AppServ\www\ckeditor\plugins\smiley\images\angel_smile.gif --> www.bouzan.net /ckeditor/plugins/smiley/images angel_smile.gif
110.02.05 00:44 B C:\AppServ\www\ckeditor\plugins\smiley\images\angry_smile.gif --> www.bouzan.net /ckeditor/plugins/smiley/images angry_smile.gif
110.02.05 00:44 B C:\AppServ\www\ckeditor\plugins\smiley\images\broken_heart.gif --> www.bouzan.net /ckeditor/plugins/smiley/images broken_heart.gif
110.02.05 00:44 B C:\AppServ\www\ckeditor\plugins\smiley\images\confused_smile.gif --> www.bouzan.net /ckeditor/plugins/smiley/images confused_smile.gif
110.02.05 00:44 B C:\AppServ\www\ckeditor\plugins\smiley\images\cry_smile.gif --> www.bouzan.net /ckeditor/plugins/smiley/images cry_smile.gif
110.02.05 00:44 B C:\AppServ\www\ckeditor\plugins\smiley\images\devil_smile.gif --> www.bouzan.net /ckeditor/plugins/smiley/images devil_smile.gif
110.02.05 00:44 B C:\AppServ\www\ckeditor\plugins\smiley\images\embaressed_smile.gif --> www.bouzan.net /ckeditor/plugins/smiley/images embaressed_smile.gif
110.02.05 00:44 B C:\AppServ\www\ckeditor\plugins\smiley\images\envelope.gif --> www.bouzan.net /ckeditor/plugins/smiley/images envelope.gif
110.02.05 00:44 B C:\AppServ\www\ckeditor\plugins\smiley\images\heart.gif --> www.bouzan.net /ckeditor/plugins/smiley/images heart.gif
110.02.05 00:44 B C:\AppServ\www\ckeditor\plugins\smiley\images\kiss.gif --> www.bouzan.net /ckeditor/plugins/smiley/images kiss.gif
110.02.05 00:44 B C:\AppServ\www\ckeditor\plugins\smiley\images\lightbulb.gif --> www.bouzan.net /ckeditor/plugins/smiley/images lightbulb.gif
110.02.05 00:44 B C:\AppServ\www\ckeditor\plugins\smiley\images\omg_smile.gif --> www.bouzan.net /ckeditor/plugins/smiley/images omg_smile.gif
110.02.05 00:44 B C:\AppServ\www\ckeditor\plugins\smiley\images\regular_smile.gif --> www.bouzan.net /ckeditor/plugins/smiley/images regular_smile.gif
110.02.05 00:44 B C:\AppServ\www\ckeditor\plugins\smiley\images\sad_smile.gif --> www.bouzan.net /ckeditor/plugins/smiley/images sad_smile.gif
110.02.05 00:44 B C:\AppServ\www\ckeditor\plugins\smiley\images\shades_smile.gif --> www.bouzan.net /ckeditor/plugins/smiley/images shades_smile.gif
110.02.05 00:44 B C:\AppServ\www\ckeditor\plugins\smiley\images\teeth_smile.gif --> www.bouzan.net /ckeditor/plugins/smiley/images teeth_smile.gif
110.02.05 00:44 B C:\AppServ\www\ckeditor\plugins\smiley\images\thumbs_down.gif --> www.bouzan.net /ckeditor/plugins/smiley/images thumbs_down.gif
110.02.05 00:44 B C:\AppServ\www\ckeditor\plugins\smiley\images\thumbs_up.gif --> www.bouzan.net /ckeditor/plugins/smiley/images thumbs_up.gif
110.02.05 00:44 B C:\AppServ\www\ckeditor\plugins\smiley\images\tounge_smile.gif --> www.bouzan.net /ckeditor/plugins/smiley/images tounge_smile.gif
110.02.05 00:44 B C:\AppServ\www\ckeditor\plugins\smiley\images\whatchutalkingabout_smile.gif --> www.bouzan.net /ckeditor/plugins/smiley/images whatchutalkingabout_smile.gif
110.02.05 00:44 B C:\AppServ\www\ckeditor\plugins\smiley\images\wink_smile.gif --> www.bouzan.net /ckeditor/plugins/smiley/images wink_smile.gif
