110.02.05 00:39 B C:\AppServ\www\ckeditor\_source\lang\_languages.js --> www.bouzan.net /ckeditor/_source/lang _languages.js
110.02.05 00:39 B C:\AppServ\www\ckeditor\_source\lang\_translationstatus.txt --> www.bouzan.net /ckeditor/_source/lang _translationstatus.txt
110.02.05 00:40 B C:\AppServ\www\ckeditor\_source\lang\af.js --> www.bouzan.net /ckeditor/_source/lang af.js
110.02.05 00:40 B C:\AppServ\www\ckeditor\_source\lang\ar.js --> www.bouzan.net /ckeditor/_source/lang ar.js
110.02.05 00:40 B C:\AppServ\www\ckeditor\_source\lang\bg.js --> www.bouzan.net /ckeditor/_source/lang bg.js
110.02.05 00:40 B C:\AppServ\www\ckeditor\_source\lang\bn.js --> www.bouzan.net /ckeditor/_source/lang bn.js
110.02.05 00:40 B C:\AppServ\www\ckeditor\_source\lang\bs.js --> www.bouzan.net /ckeditor/_source/lang bs.js
110.02.05 00:40 B C:\AppServ\www\ckeditor\_source\lang\ca.js --> www.bouzan.net /ckeditor/_source/lang ca.js
110.02.05 00:40 B C:\AppServ\www\ckeditor\_source\lang\cs.js --> www.bouzan.net /ckeditor/_source/lang cs.js
110.02.05 00:40 B C:\AppServ\www\ckeditor\_source\lang\da.js --> www.bouzan.net /ckeditor/_source/lang da.js
110.02.05 00:40 B C:\AppServ\www\ckeditor\_source\lang\de.js --> www.bouzan.net /ckeditor/_source/lang de.js
110.02.05 00:40 B C:\AppServ\www\ckeditor\_source\lang\el.js --> www.bouzan.net /ckeditor/_source/lang el.js
110.02.05 00:40 B C:\AppServ\www\ckeditor\_source\lang\en-au.js --> www.bouzan.net /ckeditor/_source/lang en-au.js
110.02.05 00:40 B C:\AppServ\www\ckeditor\_source\lang\en-ca.js --> www.bouzan.net /ckeditor/_source/lang en-ca.js
110.02.05 00:40 B C:\AppServ\www\ckeditor\_source\lang\en-uk.js --> www.bouzan.net /ckeditor/_source/lang en-uk.js
110.02.05 00:40 B C:\AppServ\www\ckeditor\_source\lang\en.js --> www.bouzan.net /ckeditor/_source/lang en.js
110.02.05 00:40 B C:\AppServ\www\ckeditor\_source\lang\eo.js --> www.bouzan.net /ckeditor/_source/lang eo.js
110.02.05 00:40 B C:\AppServ\www\ckeditor\_source\lang\es.js --> www.bouzan.net /ckeditor/_source/lang es.js
110.02.05 00:40 B C:\AppServ\www\ckeditor\_source\lang\et.js --> www.bouzan.net /ckeditor/_source/lang et.js
110.02.05 00:40 B C:\AppServ\www\ckeditor\_source\lang\eu.js --> www.bouzan.net /ckeditor/_source/lang eu.js
110.02.05 00:40 B C:\AppServ\www\ckeditor\_source\lang\fa.js --> www.bouzan.net /ckeditor/_source/lang fa.js
110.02.05 00:40 B C:\AppServ\www\ckeditor\_source\lang\fi.js --> www.bouzan.net /ckeditor/_source/lang fi.js
110.02.05 00:40 B C:\AppServ\www\ckeditor\_source\lang\fo.js --> www.bouzan.net /ckeditor/_source/lang fo.js
110.02.05 00:40 B C:\AppServ\www\ckeditor\_source\lang\fr-ca.js --> www.bouzan.net /ckeditor/_source/lang fr-ca.js
110.02.05 00:40 B C:\AppServ\www\ckeditor\_source\lang\fr.js --> www.bouzan.net /ckeditor/_source/lang fr.js
110.02.05 00:40 B C:\AppServ\www\ckeditor\_source\lang\gl.js --> www.bouzan.net /ckeditor/_source/lang gl.js
110.02.05 00:40 B C:\AppServ\www\ckeditor\_source\lang\gu.js --> www.bouzan.net /ckeditor/_source/lang gu.js
110.02.05 00:40 B C:\AppServ\www\ckeditor\_source\lang\he.js --> www.bouzan.net /ckeditor/_source/lang he.js
110.02.05 00:40 B C:\AppServ\www\ckeditor\_source\lang\hi.js --> www.bouzan.net /ckeditor/_source/lang hi.js
110.02.05 00:40 B C:\AppServ\www\ckeditor\_source\lang\hr.js --> www.bouzan.net /ckeditor/_source/lang hr.js
110.02.05 00:40 B C:\AppServ\www\ckeditor\_source\lang\hu.js --> www.bouzan.net /ckeditor/_source/lang hu.js
110.02.05 00:40 B C:\AppServ\www\ckeditor\_source\lang\is.js --> www.bouzan.net /ckeditor/_source/lang is.js
110.02.05 00:40 B C:\AppServ\www\ckeditor\_source\lang\it.js --> www.bouzan.net /ckeditor/_source/lang it.js
110.02.05 00:40 B C:\AppServ\www\ckeditor\_source\lang\ja.js --> www.bouzan.net /ckeditor/_source/lang ja.js
110.02.05 00:40 B C:\AppServ\www\ckeditor\_source\lang\km.js --> www.bouzan.net /ckeditor/_source/lang km.js
110.02.05 00:40 B C:\AppServ\www\ckeditor\_source\lang\ko.js --> www.bouzan.net /ckeditor/_source/lang ko.js
